<?xml version="1.0" encoding="UTF-8"?>
<!-- Generated by org.testng.reporters.JUnitXMLReporter -->
<testsuite ignored="0" hostname="DESKTOP-V8B9A6C" failures="1" tests="1" name="Default test" time="50.347" errors="0" timestamp="2023-07-15T11:15:34 IST">
  <testcase classname="androids.Mindspark" name="teacherStudentWorkhseet" time="50.308">
    <failure type="org.openqa.selenium.NoSuchElementException" message="An element could not be located on the page using the given search parameters. (WARNING: The server did not provide any stacktrace information)
Command duration or timeout: 0 milliseconds
For documentation on this error, please visit: https://www.seleniumhq.org/exceptions/no_such_element.html
Build info: version: &amp;apos;3.141.59&amp;apos;, revision: &amp;apos;e82be7d358&amp;apos;, time: &amp;apos;2018-11-14T08:17:03&amp;apos;
System info: host: &amp;apos;DESKTOP-V8B9A6C&amp;apos;, ip: &amp;apos;192.168.1.17&amp;apos;, os.name: &amp;apos;Windows 11&amp;apos;, os.arch: &amp;apos;amd64&amp;apos;, os.version: &amp;apos;10.0&amp;apos;, java.version: &amp;apos;11.0.16.1&amp;apos;
Driver info: io.appium.java_client.android.AndroidDriver
Capabilities {64bit: false, acceptSslCert: false, acceptSslCerts: false, adbExecTimeout: 120000, appActivity: com.mindspark.edicine.MainA..., appPackage: com.mindspark.edicine, automationName: UIAutomator2, browserstack.appium_version: 1.17.0, browserstack.is_hub_canary: false, browserstack.minOSVersion: 5.0, bundleID: com.mindspark.edicine, bundleId: com.mindspark.edicine, capabilities: {64bit: false, acceptSslCert: false, acceptSslCerts: false, adbExecTimeout: 120000, appActivity: com.mindspark.edicine.MainA..., appPackage: com.mindspark.edicine, automationName: UIAutomator2, browserstack.appium_version: 1.17.0, browserstack.is_hub_canary: false, browserstack.minOSVersion: 5.0, bundleID: com.mindspark.edicine, bundleId: com.mindspark.edicine, chromeOptions: {w3c: false}, chromedriverArgs: [--adb-port=5038], chromedriverPort: 18080, chromedriverPorts: [[18100, 18110]], databaseEnabled: false, detected_language: selenium/3.141.59 (java win..., device: oppo a96, deviceApiLevel: 30, deviceManufacturer: OPPO, deviceModel: CPH2333, deviceName: 920d8012, deviceScreenDensity: 480, deviceScreenSize: 1080x2412, deviceUDID: 920d8012, disableSuppressAccessibilityService: true, enablePerformanceLogging: false, javascriptEnabled: true, locationContextEnabled: false, mobile: {browser: mobile, version: Oppo A96-11.0}, nativeWebScreenshot: true, networkConnectionEnabled: true, newCommandTimeout: 0, new_bucketing: true, orig_os: android, osVersion: 11.0, os_version: 11.0, pixelRatio: 3, platform: ANDROID, platformName: Android, platformVersion: 11, realMobile: true, sessionId: 82872f2019d085e889d48c9db03..., skipServerInstallation: true, statBarHeight: 118, systemPort: 8200, takesScreenshot: true, udid: 920d8012, uiautomator2ServerLaunchTimeout: 60000, version: , viewportRect: {height: 2044, left: 0, top: 118, width: 1080}, warnings: {}, webStorageEnabled: false}, chromeOptions: {w3c: false}, chromedriverArgs: [--adb-port=5038], chromedriverPort: 18080, chromedriverPorts: [[18100, 18110]], databaseEnabled: false, detected_language: selenium/3.141.59 (java win..., device: oppo a96, deviceApiLevel: 30, deviceManufacturer: OPPO, deviceModel: CPH2333, deviceName: 920d8012, deviceScreenDensity: 480, deviceScreenSize: 1080x2412, deviceUDID: 920d8012, disableSuppressAccessibilityService: true, enablePerformanceLogging: false, javascriptEnabled: true, locationContextEnabled: false, mobile: {browser: mobile, version: Oppo A96-11.0}, nativeWebScreenshot: true, networkConnectionEnabled: true, newCommandTimeout: 0, new_bucketing: true, orig_os: android, osVersion: 11.0, os_version: 11.0, pixelRatio: 3, platform: ANDROID, platformName: Android, platformVersion: 11, realMobile: true, sessionId: 82872f2019d085e889d48c9db03..., skipServerInstallation: true, statBarHeight: 118, systemPort: 8200, takesScreenshot: true, udid: 920d8012, uiautomator2ServerLaunchTimeout: 60000, version: , viewportRect: {height: 2044, left: 0, top: 118, width: 1080}, warnings: {}, webStorageEnabled: false}
Session ID: 82872f2019d085e889d48c9db03e45ad07d6bc9a
*** Element info: {Using=xpath, value=//android.widget.ScrollView[@content-desc=&amp;apos;WorkListingCotentSectionList&amp;apos;]/android.view.ViewGroup/android.view.ViewGroup[2]}">
      <![CDATA[org.openqa.selenium.NoSuchElementException: An element could not be located on the page using the given search parameters. (WARNING: The server did not provide any stacktrace information)
Command duration or timeout: 0 milliseconds
For documentation on this error, please visit: https://www.seleniumhq.org/exceptions/no_such_element.html
Build info: version: '3.141.59', revision: 'e82be7d358', time: '2018-11-14T08:17:03'
System info: host: 'DESKTOP-V8B9A6C', ip: '192.168.1.17', os.name: 'Windows 11', os.arch: 'amd64', os.version: '10.0', java.version: '11.0.16.1'
Driver info: io.appium.java_client.android.AndroidDriver
Capabilities {64bit: false, acceptSslCert: false, acceptSslCerts: false, adbExecTimeout: 120000, appActivity: com.mindspark.edicine.MainA..., appPackage: com.mindspark.edicine, automationName: UIAutomator2, browserstack.appium_version: 1.17.0, browserstack.is_hub_canary: false, browserstack.minOSVersion: 5.0, bundleID: com.mindspark.edicine, bundleId: com.mindspark.edicine, capabilities: {64bit: false, acceptSslCert: false, acceptSslCerts: false, adbExecTimeout: 120000, appActivity: com.mindspark.edicine.MainA..., appPackage: com.mindspark.edicine, automationName: UIAutomator2, browserstack.appium_version: 1.17.0, browserstack.is_hub_canary: false, browserstack.minOSVersion: 5.0, bundleID: com.mindspark.edicine, bundleId: com.mindspark.edicine, chromeOptions: {w3c: false}, chromedriverArgs: [--adb-port=5038], chromedriverPort: 18080, chromedriverPorts: [[18100, 18110]], databaseEnabled: false, detected_language: selenium/3.141.59 (java win..., device: oppo a96, deviceApiLevel: 30, deviceManufacturer: OPPO, deviceModel: CPH2333, deviceName: 920d8012, deviceScreenDensity: 480, deviceScreenSize: 1080x2412, deviceUDID: 920d8012, disableSuppressAccessibilityService: true, enablePerformanceLogging: false, javascriptEnabled: true, locationContextEnabled: false, mobile: {browser: mobile, version: Oppo A96-11.0}, nativeWebScreenshot: true, networkConnectionEnabled: true, newCommandTimeout: 0, new_bucketing: true, orig_os: android, osVersion: 11.0, os_version: 11.0, pixelRatio: 3, platform: ANDROID, platformName: Android, platformVersion: 11, realMobile: true, sessionId: 82872f2019d085e889d48c9db03..., skipServerInstallation: true, statBarHeight: 118, systemPort: 8200, takesScreenshot: true, udid: 920d8012, uiautomator2ServerLaunchTimeout: 60000, version: , viewportRect: {height: 2044, left: 0, top: 118, width: 1080}, warnings: {}, webStorageEnabled: false}, chromeOptions: {w3c: false}, chromedriverArgs: [--adb-port=5038], chromedriverPort: 18080, chromedriverPorts: [[18100, 18110]], databaseEnabled: false, detected_language: selenium/3.141.59 (java win..., device: oppo a96, deviceApiLevel: 30, deviceManufacturer: OPPO, deviceModel: CPH2333, deviceName: 920d8012, deviceScreenDensity: 480, deviceScreenSize: 1080x2412, deviceUDID: 920d8012, disableSuppressAccessibilityService: true, enablePerformanceLogging: false, javascriptEnabled: true, locationContextEnabled: false, mobile: {browser: mobile, version: Oppo A96-11.0}, nativeWebScreenshot: true, networkConnectionEnabled: true, newCommandTimeout: 0, new_bucketing: true, orig_os: android, osVersion: 11.0, os_version: 11.0, pixelRatio: 3, platform: ANDROID, platformName: Android, platformVersion: 11, realMobile: true, sessionId: 82872f2019d085e889d48c9db03..., skipServerInstallation: true, statBarHeight: 118, systemPort: 8200, takesScreenshot: true, udid: 920d8012, uiautomator2ServerLaunchTimeout: 60000, version: , viewportRect: {height: 2044, left: 0, top: 118, width: 1080}, warnings: {}, webStorageEnabled: false}
Session ID: 82872f2019d085e889d48c9db03e45ad07d6bc9a
*** Element info: {Using=xpath, value=//android.widget.ScrollView[@content-desc='WorkListingCotentSectionList']/android.view.ViewGroup/android.view.ViewGroup[2]}
at java.base/jdk.internal.reflect.NativeConstructorAccessorImpl.newInstance0(Native Method)
at java.base/jdk.internal.reflect.NativeConstructorAccessorImpl.newInstance(NativeConstructorAccessorImpl.java:62)
at java.base/jdk.internal.reflect.DelegatingConstructorAccessorImpl.newInstance(DelegatingConstructorAccessorImpl.java:45)
at java.base/java.lang.reflect.Constructor.newInstance(Constructor.java:490)
at org.openqa.selenium.remote.ErrorHandler.createThrowable(ErrorHandler.java:214)
at org.openqa.selenium.remote.ErrorHandler.throwIfResponseFailed(ErrorHandler.java:166)
at org.openqa.selenium.remote.http.JsonHttpResponseCodec.reconstructValue(JsonHttpResponseCodec.java:40)
at org.openqa.selenium.remote.http.AbstractHttpResponseCodec.decode(AbstractHttpResponseCodec.java:80)
at org.openqa.selenium.remote.http.AbstractHttpResponseCodec.decode(AbstractHttpResponseCodec.java:44)
at org.openqa.selenium.remote.HttpCommandExecutor.execute(HttpCommandExecutor.java:158)
at io.appium.java_client.remote.AppiumCommandExecutor.execute(AppiumCommandExecutor.java:239)
at org.openqa.selenium.remote.RemoteWebDriver.execute(RemoteWebDriver.java:552)
at io.appium.java_client.DefaultGenericMobileDriver.execute(DefaultGenericMobileDriver.java:42)
at io.appium.java_client.AppiumDriver.execute(AppiumDriver.java:1)
at io.appium.java_client.android.AndroidDriver.execute(AndroidDriver.java:1)
at org.openqa.selenium.remote.RemoteWebDriver.findElement(RemoteWebDriver.java:323)
at io.appium.java_client.DefaultGenericMobileDriver.findElement(DefaultGenericMobileDriver.java:62)
at io.appium.java_client.AppiumDriver.findElement(AppiumDriver.java:1)
at io.appium.java_client.android.AndroidDriver.findElement(AndroidDriver.java:1)
at org.openqa.selenium.remote.RemoteWebDriver.findElementByXPath(RemoteWebDriver.java:428)
at io.appium.java_client.DefaultGenericMobileDriver.findElementByXPath(DefaultGenericMobileDriver.java:152)
at io.appium.java_client.AppiumDriver.findElementByXPath(AppiumDriver.java:1)
at io.appium.java_client.android.AndroidDriver.findElementByXPath(AndroidDriver.java:1)
at org.openqa.selenium.By$ByXPath.findElement(By.java:353)
at org.openqa.selenium.remote.RemoteWebDriver.findElement(RemoteWebDriver.java:315)
at io.appium.java_client.DefaultGenericMobileDriver.findElement(DefaultGenericMobileDriver.java:58)
at io.appium.java_client.AppiumDriver.findElement(AppiumDriver.java:1)
at io.appium.java_client.android.AndroidDriver.findElement(AndroidDriver.java:1)
at reusableComponents.TechnicalComponent.getXpath(TechnicalComponent.java:34)
at androids.Mindspark.answeringWorksheet(Mindspark.java:100)
at androids.Mindspark.teacherStudentWorkhseet(Mindspark.java:30)
at java.base/jdk.internal.reflect.NativeMethodAccessorImpl.invoke0(Native Method)
at java.base/jdk.internal.reflect.NativeMethodAccessorImpl.invoke(NativeMethodAccessorImpl.java:62)
at java.base/jdk.internal.reflect.DelegatingMethodAccessorImpl.invoke(DelegatingMethodAccessorImpl.java:43)
at java.base/java.lang.reflect.Method.invoke(Method.java:566)
at org.testng.internal.MethodInvocationHelper.invokeMethod(MethodInvocationHelper.java:133)
at org.testng.internal.TestInvoker.invokeMethod(TestInvoker.java:598)
at org.testng.internal.TestInvoker.invokeTestMethod(TestInvoker.java:173)
at org.testng.internal.MethodRunner.runInSequence(MethodRunner.java:46)
at org.testng.internal.TestInvoker$MethodInvocationAgent.invoke(TestInvoker.java:824)
at org.testng.internal.TestInvoker.invokeTestMethods(TestInvoker.java:146)
at org.testng.internal.TestMethodWorker.invokeTestMethods(TestMethodWorker.java:146)
at org.testng.internal.TestMethodWorker.run(TestMethodWorker.java:128)
at java.base/java.util.ArrayList.forEach(ArrayList.java:1541)
at org.testng.TestRunner.privateRun(TestRunner.java:794)
at org.testng.TestRunner.run(TestRunner.java:596)
at org.testng.SuiteRunner.runTest(SuiteRunner.java:377)
at org.testng.SuiteRunner.runSequentially(SuiteRunner.java:371)
at org.testng.SuiteRunner.privateRun(SuiteRunner.java:332)
at org.testng.SuiteRunner.run(SuiteRunner.java:276)
at org.testng.SuiteRunnerWorker.runSuite(SuiteRunnerWorker.java:53)
at org.testng.SuiteRunnerWorker.run(SuiteRunnerWorker.java:96)
at org.testng.TestNG.runSuitesSequentially(TestNG.java:1212)
at org.testng.TestNG.runSuitesLocally(TestNG.java:1134)
at org.testng.TestNG.runSuites(TestNG.java:1063)
at org.testng.TestNG.run(TestNG.java:1031)
at org.testng.remote.AbstractRemoteTestNG.run(AbstractRemoteTestNG.java:115)
at org.testng.remote.RemoteTestNG.initAndRun(RemoteTestNG.java:251)
at org.testng.remote.RemoteTestNG.main(RemoteTestNG.java:77)
]]>
    </failure>
  </testcase> <!-- teacherStudentWorkhseet -->
</testsuite> <!-- Default test -->
